2019-11-17 10:27:09,292 INFO o.a.j.u.JMeterUtils: Setting Locale to en_EN
2019-11-17 10:27:09,339 INFO o.a.j.JMeter: Loading user properties from: user.properties
2019-11-17 10:27:09,339 INFO o.a.j.JMeter: Loading system properties from: system.properties
2019-11-17 10:27:09,339 INFO o.a.j.JMeter: Copyright (c) 1998-2019 The Apache Software Foundation
2019-11-17 10:27:09,339 INFO o.a.j.JMeter: Version 5.2
2019-11-17 10:27:09,339 INFO o.a.j.JMeter: java.version=9.0.1
2019-11-17 10:27:09,339 INFO o.a.j.JMeter: java.vm.name=Java HotSpot(TM) 64-Bit Server VM
2019-11-17 10:27:09,339 INFO o.a.j.JMeter: os.name=Windows 10
2019-11-17 10:27:09,339 INFO o.a.j.JMeter: os.arch=amd64
2019-11-17 10:27:09,339 INFO o.a.j.JMeter: os.version=10.0
2019-11-17 10:27:09,339 INFO o.a.j.JMeter: file.encoding=Cp1250
2019-11-17 10:27:09,339 INFO o.a.j.JMeter: java.awt.headless=null
2019-11-17 10:27:09,339 INFO o.a.j.JMeter: Max memory     =1073741824
2019-11-17 10:27:09,339 INFO o.a.j.JMeter: Available Processors =4
2019-11-17 10:27:09,354 INFO o.a.j.JMeter: Default Locale=English (EN)
2019-11-17 10:27:09,354 INFO o.a.j.JMeter: JMeter  Locale=English (EN)
2019-11-17 10:27:09,354 INFO o.a.j.JMeter: JMeterHome=C:\Users\Asus\Desktop\pjwstk\sem7\TAU\RentCarApp\apache-jmeter-5.2
2019-11-17 10:27:09,354 INFO o.a.j.JMeter: user.dir  =C:\Users\Asus\Desktop\pjwstk\sem7\TAU\RentCarApp\apache-jmeter-5.2\bin
2019-11-17 10:27:09,354 INFO o.a.j.JMeter: PWD       =C:\Users\Asus\Desktop\pjwstk\sem7\TAU\RentCarApp\apache-jmeter-5.2\bin
2019-11-17 10:27:09,386 INFO o.a.j.JMeter: IP: 172.17.16.16 Name: DESKTOP-3JURRE0 FullName: 172.17.16.16
2019-11-17 10:27:09,854 INFO o.a.j.g.a.LookAndFeelCommand: Installing Darcula LAF
2019-11-17 10:27:09,854 INFO o.a.j.g.a.LookAndFeelCommand: Using look and feel: com.bulenkov.darcula.DarculaLaf [Darcula]
2019-11-17 10:27:09,854 INFO o.a.j.JMeter: Setting LAF to: com.bulenkov.darcula.DarculaLaf
2019-11-17 10:27:09,948 INFO o.a.j.JMeter: Loaded icon properties from org/apache/jmeter/images/icon.properties
2019-11-17 10:27:12,226 INFO o.a.j.p.h.s.HTTPSamplerBase: Parser for text/html is org.apache.jmeter.protocol.http.parser.LagartoBasedHtmlParser
2019-11-17 10:27:12,226 INFO o.a.j.p.h.s.HTTPSamplerBase: Parser for application/xhtml+xml is org.apache.jmeter.protocol.http.parser.LagartoBasedHtmlParser
2019-11-17 10:27:12,226 INFO o.a.j.p.h.s.HTTPSamplerBase: Parser for application/xml is org.apache.jmeter.protocol.http.parser.LagartoBasedHtmlParser
2019-11-17 10:27:12,226 INFO o.a.j.p.h.s.HTTPSamplerBase: Parser for text/xml is org.apache.jmeter.protocol.http.parser.LagartoBasedHtmlParser
2019-11-17 10:27:12,226 INFO o.a.j.p.h.s.HTTPSamplerBase: Parser for text/vnd.wap.wml is org.apache.jmeter.protocol.http.parser.RegexpHTMLParser
2019-11-17 10:27:12,226 INFO o.a.j.p.h.s.HTTPSamplerBase: Parser for text/css is org.apache.jmeter.protocol.http.parser.CssParser
2019-11-17 10:27:12,445 INFO o.a.j.e.KeyToolUtils: Exception checking for keytool existence, will return false, try another way.
2019-11-17 10:27:12,768 INFO o.a.j.e.KeyToolUtils: keytool found at 'C:\Program Files\Java\jre-9.0.1\bin\keytool'
2019-11-17 10:27:12,768 INFO o.a.j.p.h.p.ProxyControl: HTTP(S) Test Script Recorder SSL Proxy will use keys that support embedded 3rd party resources in file C:\Users\Asus\Desktop\pjwstk\sem7\TAU\RentCarApp\apache-jmeter-5.2\bin\proxyserver.jks
2019-11-17 10:27:12,909 INFO o.a.j.s.FileServer: Default base='C:\Users\Asus\Desktop\pjwstk\sem7\TAU\RentCarApp\apache-jmeter-5.2\bin'
2019-11-17 10:27:13,550 INFO o.a.j.s.SampleResult: Note: Sample TimeStamps are START times
2019-11-17 10:27:13,550 INFO o.a.j.s.SampleResult: sampleresult.default.encoding is set to ISO-8859-1
2019-11-17 10:27:13,550 INFO o.a.j.s.SampleResult: sampleresult.useNanoTime=true
2019-11-17 10:27:13,550 INFO o.a.j.s.SampleResult: sampleresult.nanoThreadSleep=5000
